<?xml version="1.0" encoding="UTF-8"?>
<testsuites>
  <testsuite name="/var/www/html/tests" tests="3" assertions="3" errors="0" warnings="0" failures="0" skipped="0" time="0.004266">
    <testsuite name="UserRepositoryTest" file="/var/www/html/tests/unit/UserRepositoryTest.php" tests="3" assertions="3" errors="0" warnings="0" failures="0" skipped="0" time="0.004266">
      <testcase name="testFindAll" class="UserRepositoryTest" classname="UserRepositoryTest" file="/var/www/html/tests/unit/UserRepositoryTest.php" line="21" assertions="1" time="0.002710"/>
      <testcase name="testFindById" class="UserRepositoryTest" classname="UserRepositoryTest" file="/var/www/html/tests/unit/UserRepositoryTest.php" line="30" assertions="1" time="0.000888"/>
      <testcase name="testFindByUsername" class="UserRepositoryTest" classname="UserRepositoryTest" file="/var/www/html/tests/unit/UserRepositoryTest.php" line="40" assertions="1" time="0.000668"/>
    </testsuite>
  </testsuite>
</testsuites>
